2025-02-23T10:10:53.473Z [ERROR]: Function not implemented. - GET /
2025-02-23T10:10:53.736Z [ERROR]: Function not implemented. - GET /favicon.ico
2025-02-23T10:11:05.143Z [ERROR]: Function not implemented. - GET /api/docs
2025-02-23T10:11:05.265Z [ERROR]: Function not implemented. - GET /favicon.ico
2025-02-23T10:12:29.194Z [ERROR]: Function not implemented. - GET /api/docs
2025-02-23T10:12:29.307Z [ERROR]: Function not implemented. - GET /favicon.ico
2025-02-23T10:13:06.631Z [ERROR]: Function not implemented. - GET /api/docs
2025-02-23T10:13:06.747Z [ERROR]: Function not implemented. - GET /favicon.ico
2025-02-23T10:14:10.355Z [ERROR]: Function not implemented. - GET /api/docs
2025-02-23T10:14:10.472Z [ERROR]: Function not implemented. - GET /favicon.ico
2025-02-23T10:14:12.749Z [ERROR]: Function not implemented. - GET /api/docs
2025-02-23T10:14:12.882Z [ERROR]: Function not implemented. - GET /favicon.ico
2025-02-23T10:14:42.582Z [ERROR]: Function not implemented. - GET /api/docs
2025-02-23T10:14:42.836Z [ERROR]: Function not implemented. - GET /favicon.ico
2025-02-23T10:14:44.184Z [ERROR]: Function not implemented. - GET /api/docs
2025-02-23T10:14:44.292Z [ERROR]: Function not implemented. - GET /favicon.ico
2025-02-23T10:14:44.702Z [ERROR]: Function not implemented. - GET /api/docs
2025-02-23T10:14:44.806Z [ERROR]: Function not implemented. - GET /favicon.ico
2025-02-23T10:14:57.398Z [ERROR]: Function not implemented. - GET /api/users
2025-02-23T10:14:57.506Z [ERROR]: Function not implemented. - GET /favicon.ico
2025-02-23T10:15:22.617Z [ERROR]: Function not implemented. - GET /favicon.ico
2025-02-23T10:15:27.079Z [ERROR]: Function not implemented. - GET /api/docs
2025-02-23T10:15:27.191Z [ERROR]: Function not implemented. - GET /favicon.ico
2025-02-23T10:18:15.196Z [ERROR]: Function not implemented. - GET /api/docs
2025-02-23T10:18:15.311Z [ERROR]: Function not implemented. - GET /favicon.ico
2025-02-23T10:18:15.764Z [ERROR]: Function not implemented. - GET /api/docs
2025-02-23T10:18:15.892Z [ERROR]: Function not implemented. - GET /favicon.ico
2025-02-23T10:18:56.568Z [ERROR]: Function not implemented. - GET /test
2025-02-23T10:18:56.679Z [ERROR]: Function not implemented. - GET /favicon.ico
2025-02-23T10:18:57.601Z [ERROR]: Function not implemented. - GET /test
2025-02-23T10:18:57.711Z [ERROR]: Function not implemented. - GET /favicon.ico
2025-02-23T10:18:57.927Z [ERROR]: Function not implemented. - GET /test
2025-02-23T10:18:58.035Z [ERROR]: Function not implemented. - GET /favicon.ico
2025-02-23T10:21:10.688Z [ERROR]: Function not implemented. - GET /test
2025-02-23T10:21:10.953Z [ERROR]: Function not implemented. - GET /favicon.ico
2025-02-23T10:21:12.591Z [ERROR]: Function not implemented. - GET /test
2025-02-23T10:21:12.721Z [ERROR]: Function not implemented. - GET /favicon.ico
2025-02-23T10:22:26.979Z [ERROR]: Function not implemented. - GET /test
2025-02-23T10:22:27.104Z [ERROR]: Function not implemented. - GET /favicon.ico
2025-02-23T10:22:27.943Z [ERROR]: Function not implemented. - GET /test
2025-02-23T10:22:28.069Z [ERROR]: Function not implemented. - GET /favicon.ico
2025-02-23T10:22:28.292Z [ERROR]: Function not implemented. - GET /test
2025-02-23T10:22:28.407Z [ERROR]: Function not implemented. - GET /favicon.ico
2025-02-23T10:22:28.519Z [ERROR]: Function not implemented. - GET /test
2025-02-23T10:22:28.621Z [ERROR]: Function not implemented. - GET /favicon.ico
2025-02-23T10:22:28.701Z [ERROR]: Function not implemented. - GET /test
2025-02-23T10:22:28.804Z [ERROR]: Function not implemented. - GET /favicon.ico
2025-02-23T10:22:28.887Z [ERROR]: Function not implemented. - GET /test
2025-02-23T10:22:29.015Z [ERROR]: Function not implemented. - GET /favicon.ico
2025-02-23T10:22:29.069Z [ERROR]: Function not implemented. - GET /test
2025-02-23T10:22:29.172Z [ERROR]: Function not implemented. - GET /favicon.ico
2025-02-23T10:22:50.895Z [ERROR]: Not Found - GET /favicon.ico
2025-02-23T10:23:02.368Z [ERROR]: Function not implemented. - GET /test
2025-02-23T10:23:03.530Z [ERROR]: Function not implemented. - GET /test
2025-02-23T10:23:04.625Z [ERROR]: Function not implemented. - GET /test
2025-02-23T10:23:12.970Z [ERROR]: Function not implemented. - GET /test
2025-02-23T10:23:13.424Z [ERROR]: Function not implemented. - GET /test
2025-02-23T10:23:13.707Z [ERROR]: Function not implemented. - GET /test
2025-02-23T10:23:13.916Z [ERROR]: Function not implemented. - GET /test
2025-02-23T10:23:18.384Z [ERROR]: Function not implemented. - GET /test
2025-02-23T10:23:19.410Z [ERROR]: Function not implemented. - GET /test
2025-02-23T10:23:19.760Z [ERROR]: Function not implemented. - GET /test
2025-02-23T10:23:26.707Z [ERROR]: Function not implemented. - GET /test
2025-02-23T10:23:27.202Z [ERROR]: Function not implemented. - GET /test
2025-02-23T10:23:27.512Z [ERROR]: Function not implemented. - GET /test
2025-02-23T10:23:28.008Z [ERROR]: Function not implemented. - GET /test
2025-02-23T10:23:28.212Z [ERROR]: Function not implemented. - GET /test
2025-02-23T10:23:28.423Z [ERROR]: Function not implemented. - GET /test
2025-02-23T10:23:28.616Z [ERROR]: Function not implemented. - GET /test
2025-02-23T10:24:10.695Z [ERROR]: Function not implemented. - GET /test
2025-02-23T10:24:11.497Z [ERROR]: Function not implemented. - GET /test
2025-02-23T11:24:39.969Z [ERROR]: req.csrfToken is not a function - GET /api/docs/
2025-02-23T11:31:46.687Z [ERROR]: Not Found - GET /dfghdfh
2025-02-25T10:57:37.386Z [ERROR]: Not Found - GET /
2025-02-25T10:57:37.403Z [ERROR]: Not Found - GET /favicon.ico
2025-02-25T10:57:52.328Z [ERROR]: Not Found - GET /docs
2025-02-25T12:34:17.233Z [ERROR]: ENAMETOOLONG: name too long, open 'uploads/products/74e404a8-c03a-44ec-97a0-47152dbc432a-4_АГУ_свидетельство_о_государственной_регистрации_субъекта_предпринимательства.docx' - POST /api/products/
2025-02-25T12:55:07.829Z [ERROR]: Not Found - POST //api/products
2025-02-25T13:04:33.921Z [ERROR]: Not Found - GET /favicon.ico
2025-02-26T05:58:35.898Z [ERROR]: Not Found - GET /randomfile1
2025-02-26T05:58:35.900Z [ERROR]: Not Found - GET /frand2
2025-02-26T05:58:35.901Z [ERROR]: Not Found - GET /.bash_history
2025-02-26T05:58:35.901Z [ERROR]: Not Found - GET /.bashrc
2025-02-26T05:58:35.902Z [ERROR]: Not Found - GET /.cache
2025-02-26T05:58:35.902Z [ERROR]: Not Found - GET /.config
2025-02-26T05:58:35.903Z [ERROR]: Not Found - GET /.cvs
2025-02-26T05:58:35.903Z [ERROR]: Not Found - GET /.cvsignore
2025-02-26T05:58:35.904Z [ERROR]: Not Found - GET /.forward
2025-02-26T05:58:35.905Z [ERROR]: Not Found - GET /.git/HEAD
2025-02-26T05:58:35.905Z [ERROR]: Not Found - GET /.history
2025-02-26T05:58:35.906Z [ERROR]: Not Found - GET /.hta
2025-02-26T05:58:35.906Z [ERROR]: Not Found - GET /.htaccess
2025-02-26T05:58:35.907Z [ERROR]: Not Found - GET /.htpasswd
2025-02-26T05:58:35.907Z [ERROR]: Not Found - GET /.listing
2025-02-26T05:58:35.908Z [ERROR]: Not Found - GET /.listings
2025-02-26T05:58:35.909Z [ERROR]: Not Found - GET /.mysql_history
2025-02-26T05:58:35.909Z [ERROR]: Not Found - GET /.passwd
2025-02-26T05:58:35.910Z [ERROR]: Not Found - GET /.perf
2025-02-26T05:58:35.910Z [ERROR]: Not Found - GET /.profile
2025-02-26T05:58:35.910Z [ERROR]: Not Found - GET /.rhosts
2025-02-26T05:58:35.911Z [ERROR]: Not Found - GET /.sh_history
2025-02-26T05:58:35.911Z [ERROR]: Not Found - GET /.ssh
2025-02-26T05:58:35.911Z [ERROR]: Not Found - GET /.subversion
2025-02-26T05:58:35.912Z [ERROR]: Not Found - GET /.svn
2025-02-26T05:58:35.912Z [ERROR]: Not Found - GET /.svn/entries
2025-02-26T05:58:35.913Z [ERROR]: Not Found - GET /.swf
2025-02-26T05:58:35.913Z [ERROR]: Not Found - GET /.web
2025-02-26T05:58:35.913Z [ERROR]: Not Found - GET /@
2025-02-26T05:58:35.914Z [ERROR]: Not Found - GET /_
2025-02-26T05:58:35.914Z [ERROR]: Not Found - GET /_adm
2025-02-26T05:58:35.914Z [ERROR]: Not Found - GET /_admin
2025-02-26T05:58:35.915Z [ERROR]: Not Found - GET /_ajax
2025-02-26T05:58:35.915Z [ERROR]: Not Found - GET /_archive
2025-02-26T05:58:35.916Z [ERROR]: Not Found - GET /_assets
2025-02-26T05:58:35.916Z [ERROR]: Not Found - GET /_backup
2025-02-26T05:58:35.916Z [ERROR]: Not Found - GET /_baks
2025-02-26T05:58:35.917Z [ERROR]: Not Found - GET /_borders
2025-02-26T05:58:35.917Z [ERROR]: Not Found - GET /_cache
2025-02-26T05:58:35.917Z [ERROR]: Not Found - GET /_catalogs
2025-02-26T05:58:35.918Z [ERROR]: Not Found - GET /_code
2025-02-26T05:58:35.918Z [ERROR]: Not Found - GET /_common
2025-02-26T05:58:35.918Z [ERROR]: Not Found - GET /_conf
2025-02-26T05:58:35.919Z [ERROR]: Not Found - GET /_config
2025-02-26T05:58:35.919Z [ERROR]: Not Found - GET /_css
2025-02-26T05:58:35.920Z [ERROR]: Not Found - GET /_data
2025-02-26T05:58:35.920Z [ERROR]: Not Found - GET /_database
2025-02-26T05:58:35.920Z [ERROR]: Not Found - GET /_db_backups
2025-02-26T05:58:35.920Z [ERROR]: Not Found - GET /_derived
2025-02-26T05:58:35.921Z [ERROR]: Not Found - GET /_dev
2025-02-26T05:58:35.921Z [ERROR]: Not Found - GET /_dummy
2025-02-26T05:58:35.921Z [ERROR]: Not Found - GET /_files
2025-02-26T05:58:35.922Z [ERROR]: Not Found - GET /_flash
2025-02-26T05:58:35.922Z [ERROR]: Not Found - GET /_fpclass
2025-02-26T05:58:35.922Z [ERROR]: Not Found - GET /_images
2025-02-26T05:58:35.923Z [ERROR]: Not Found - GET /_img
2025-02-26T05:58:35.923Z [ERROR]: Not Found - GET /_inc
2025-02-26T05:58:35.923Z [ERROR]: Not Found - GET /_include
2025-02-26T05:58:35.924Z [ERROR]: Not Found - GET /_includes
2025-02-26T05:58:35.924Z [ERROR]: Not Found - GET /_install
2025-02-26T05:58:35.924Z [ERROR]: Not Found - GET /_js
2025-02-26T05:58:35.925Z [ERROR]: Not Found - GET /_layouts
2025-02-26T05:58:35.925Z [ERROR]: Not Found - GET /_lib
2025-02-26T05:58:35.926Z [ERROR]: Not Found - GET /_media
2025-02-26T05:58:35.926Z [ERROR]: Not Found - GET /_mem_bin
2025-02-26T05:58:35.926Z [ERROR]: Not Found - GET /_mm
2025-02-26T05:58:35.927Z [ERROR]: Not Found - GET /_mmserverscripts
2025-02-26T05:58:35.927Z [ERROR]: Not Found - GET /_mygallery
2025-02-26T05:58:35.927Z [ERROR]: Not Found - GET /_net
2025-02-26T05:58:35.927Z [ERROR]: Not Found - GET /_notes
2025-02-26T05:58:35.928Z [ERROR]: Not Found - GET /_old
2025-02-26T05:58:35.928Z [ERROR]: Not Found - GET /_overlay
2025-02-26T05:58:35.929Z [ERROR]: Not Found - GET /_pages
2025-02-26T05:58:35.929Z [ERROR]: Not Found - GET /_private
2025-02-26T05:58:35.929Z [ERROR]: Not Found - GET /_reports
2025-02-26T05:58:35.929Z [ERROR]: Not Found - GET /_res
2025-02-26T05:58:35.930Z [ERROR]: Not Found - GET /_resources
2025-02-26T05:58:35.930Z [ERROR]: Not Found - GET /_scriptlibrary
2025-02-26T05:58:35.930Z [ERROR]: Not Found - GET /_scripts
2025-02-26T05:58:35.931Z [ERROR]: Not Found - GET /_source
2025-02-26T05:58:35.931Z [ERROR]: Not Found - GET /_src
2025-02-26T05:58:35.931Z [ERROR]: Not Found - GET /_stats
2025-02-26T05:58:35.932Z [ERROR]: Not Found - GET /_styles
2025-02-26T05:58:35.932Z [ERROR]: Not Found - GET /_swf
2025-02-26T05:58:35.932Z [ERROR]: Not Found - GET /_temp
2025-02-26T05:58:35.933Z [ERROR]: Not Found - GET /_tempalbums
2025-02-26T05:58:35.933Z [ERROR]: Not Found - GET /_template
2025-02-26T05:58:35.933Z [ERROR]: Not Found - GET /_templates
2025-02-26T05:58:35.933Z [ERROR]: Not Found - GET /_test
2025-02-26T05:58:35.934Z [ERROR]: Not Found - GET /_themes
2025-02-26T05:58:35.934Z [ERROR]: Not Found - GET /_tmp
2025-02-26T05:58:35.935Z [ERROR]: Not Found - GET /_tmpfileop
2025-02-26T05:58:35.935Z [ERROR]: Not Found - GET /_vti_aut
2025-02-26T05:58:35.935Z [ERROR]: Not Found - GET /_vti_bin
2025-02-26T05:58:35.935Z [ERROR]: Not Found - GET /_vti_bin/_vti_adm/admin.dll
2025-02-26T05:58:35.936Z [ERROR]: Not Found - GET /_vti_bin/_vti_aut/author.dll
2025-02-26T05:58:35.936Z [ERROR]: Not Found - GET /_vti_bin/shtml.dll
2025-02-26T05:58:35.936Z [ERROR]: Not Found - GET /_vti_cnf
2025-02-26T05:59:31.833Z [ERROR]: Not Found - GET /07
2025-02-26T05:59:32.609Z [ERROR]: Not Found - GET /07
2025-02-26T05:59:38.011Z [ERROR]: Not Found - GET /_vti_pvt
2025-02-26T05:59:39.656Z [ERROR]: Not Found - GET /_www
2025-02-26T05:59:40.433Z [ERROR]: Not Found - GET /_vti_txt
2025-02-26T05:59:54.658Z [ERROR]: Not Found - GET /300
2025-02-26T06:42:39.566Z [ERROR]: Access token required. - GET /api/users/
2025-02-26T06:43:07.263Z [ERROR]: Access token required. - GET /api/users/
2025-02-26T06:43:34.459Z [ERROR]: Invalid or expired token. - GET /api/users/
